<?xml version="1.0" encoding="UTF-8" ?>
<testsuite tests="8" failures="2" name="TestSuite" time="132.609" errors="0" skipped="0">
  <properties>
[...]
</properties>
  <testcase classname="june2021.qaautomation.APITest" name="testConfigurationAPI" time="2.055">
    <failure message="expected [USD] but found [INR]" type="java.lang.AssertionError">java.lang.AssertionError: expected [USD] but found [INR]
	at org.testng.Assert.fail(Assert.java:96)
	at org.testng.Assert.failNotEquals(Assert.java:776)
	at org.testng.Assert.assertEqualsImpl(Assert.java:137)
	at org.testng.Assert.assertEquals(Assert.java:118)
	at org.testng.Assert.assertEquals(Assert.java:442)
	at june2021.qaautomation.APITest.testConfigurationAPI(APITest.java:25)
</failure>
    <system-out>Configuring TestNG with: org.apache.maven.surefire.testng.conf.TestNG652Configurator@2be94b0f
Request method:	POST
Request URI:	https://api-staging-builder.engineer.ai/users/sign_in
Proxy:			&lt;none&gt;
Request params:	&lt;none&gt;
Query params:	&lt;none&gt;
Form params:	&lt;none&gt;
Path params:	&lt;none&gt;
Headers:		Accept=*/*
				Content-Type=application/json
Cookies:		&lt;none&gt;
Multiparts:		&lt;none&gt;
Body:
{
    &quot;email&quot;: &quot;jogidemo321@gmail.com&quot;,
    &quot;password&quot;: &quot;builder123&quot;
}
Request method:	GET
Request URI:	https://api-staging-builder.engineer.ai/configurations
Proxy:			&lt;none&gt;
Request params:	&lt;none&gt;
Query params:	&lt;none&gt;
Form params:	&lt;none&gt;
Path params:	&lt;none&gt;
Headers:		authtoken=ytBzp9r8oXo1xEk8Jwfy
				Accept=*/*
				Content-Type=application/json
Cookies:		&lt;none&gt;
Multiparts:		&lt;none&gt;
Body:			&lt;none&gt;
{&quot;currency&quot;:{&quot;data&quot;:{&quot;id&quot;:&quot;1&quot;,&quot;type&quot;:&quot;currency&quot;,&quot;attributes&quot;:{&quot;id&quot;:1,&quot;name&quot;:&quot;Indian Rupee&quot;,&quot;code&quot;:&quot;INR&quot;,&quot;exchange_rate&quot;:73.44705,&quot;multiplier&quot;:0.3,&quot;symbol&quot;:&quot;?&quot;,&quot;country_code&quot;:&quot;IN&quot;,&quot;specing_price&quot;:4999.0,&quot;icon_image_file_url&quot;:&quot;https://bstudio-staging.azureedge.net/alpha-stg-assets/uploads/image/file/591a9aa714c49f7f467463f6/Rupee.svg&quot;,&quot;instant_spec_price&quot;:4999.0,&quot;tax&quot;:18,&quot;custom_prototype_price&quot;:21185.5932203389,&quot;post_upfront_price&quot;:40000.0}}},&quot;currencies&quot;:{&quot;data&quot;:[{&quot;id&quot;:&quot;8&quot;,&quot;type&quot;:&quot;currency&quot;,&quot;attributes&quot;:{&quot;id&quot;:8,&quot;name&quot;:&quot;Dirham&quot;,&quot;code&quot;:&quot;AED&quot;,&quot;exchange_rate&quot;:3.6732,&quot;multiplier&quot;:1.0,&quot;symbol&quot;:&quot;?.?&quot;,&quot;country_code&quot;:&quot;AE&quot;,&quot;specing_price&quot;:918.0,&quot;icon_image_file_url&quot;:&quot;https://bstudio-staging.azureedge.net/alpha-stg-assets/uploads/image/file/5ab3ab3c0b82ec47eda97d71/AED_0.5x.png&quot;,&quot;instant_spec_price&quot;:918.0,&quot;tax&quot;:0,&quot;custom_prototype_price&quot;:7499.0,&quot;post_upfront_price&quot;:0.0}},{&quot;id&quot;:&quot;3&quot;,&quot;type&quot;:&quot;currency&quot;,&quot;attributes&quot;:{&quot;id&quot;:3,&quot;name&quot;:&quot;Euro&quot;,&quot;code&quot;:&quot;EUR&quot;,&quot;exchange_rate&quot;:0.846097,&quot;multiplier&quot;:1.0,&quot;symbol&quot;:&quot;€&quot;,&quot;country_code&quot;:&quot;FR&quot;,&quot;specing_price&quot;:220.0,&quot;icon_image_file_url&quot;:&quot;https://bstudio-staging.azureedge.net/alpha-stg-assets/uploads/image/file/59fd4ef688f3ac67bbadfda8/euro-symbol__1_.png&quot;,&quot;instant_spec_price&quot;:220.0,&quot;tax&quot;:0,&quot;custom_prototype_price&quot;:1799.0,&quot;post_upfront_price&quot;:0.0}},{&quot;id&quot;:&quot;2&quot;,&quot;type&quot;:&quot;currency&quot;,&quot;attributes&quot;:{&quot;id&quot;:2,&quot;name&quot;:&quot;US Dollars&quot;,&quot;code&quot;:&quot;USD&quot;,&quot;exchange_rate&quot;:1.0,&quot;multiplier&quot;:1.0,&quot;symbol&quot;:&quot;$&quot;,&quot;country_code&quot;:&quot;US&quot;,&quot;specing_price&quot;:250.0,&quot;icon_image_file_url&quot;:&quot;https://bstudio-staging.azureedge.net/alpha-stg-assets/uploads/image/file/591a9aa814c49f7f467463f7/Dollar.svg&quot;,&quot;instant_spec_price&quot;:250.0,&quot;tax&quot;:0,&quot;custom_prototype_price&quot;:1999.0,&quot;post_upfront_price&quot;:500.0}},{&quot;id&quot;:&quot;6&quot;,&quot;type&quot;:&quot;currency&quot;,&quot;attributes&quot;:{&quot;id&quot;:6,&quot;name&quot;:&quot;Ringgit&quot;,&quot;code&quot;:&quot;MYR&quot;,&quot;exchange_rate&quot;:4.1575,&quot;multiplier&quot;:1.0,&quot;symbol&quot;:&quot;RM&quot;,&quot;country_code&quot;:&quot;MY&quot;,&quot;specing_price&quot;:1000.0,&quot;icon_image_file_url&quot;:&quot;https://bstudio-staging.azureedge.net/alpha-stg-assets/uploads/image/file/591a9aa614c49f7f467463f5/Ringgit.svg&quot;,&quot;instant_spec_price&quot;:1000.0,&quot;tax&quot;:0,&quot;custom_prototype_price&quot;:4299.0,&quot;post_upfront_price&quot;:0.0}},{&quot;id&quot;:&quot;5&quot;,&quot;type&quot;:&quot;currency&quot;,&quot;attributes&quot;:{&quot;id&quot;:5,&quot;name&quot;:&quot;YEN&quot;,&quot;code&quot;:&quot;JPY&quot;,&quot;exchange_rate&quot;:106.3055,&quot;multiplier&quot;:1.0,&quot;symbol&quot;:&quot;¥&quot;,&quot;country_code&quot;:&quot;JP&quot;,&quot;specing_price&quot;:28374.0,&quot;icon_image_file_url&quot;:&quot;https://bstudio-staging.azureedge.net/alpha-stg-assets/uploads/image/file/5bdfefe51f0c640e7cfadee0/yen.png&quot;,&quot;instant_spec_price&quot;:28374.0,&quot;tax&quot;:0,&quot;custom_prototype_price&quot;:199999.0,&quot;post_upfront_price&quot;:0.0}},{&quot;id&quot;:&quot;7&quot;,&quot;type&quot;:&quot;currency&quot;,&quot;attributes&quot;:{&quot;id&quot;:7,&quot;name&quot;:&quot;Canadian Dollar&quot;,&quot;code&quot;:&quot;CAD&quot;,&quot;exchange_rate&quot;:1.309634,&quot;multiplier&quot;:1.0,&quot;symbol&quot;:&quot;C$&quot;,&quot;country_code&quot;:&quot;CA&quot;,&quot;specing_price&quot;:96.0,&quot;icon_image_file_url&quot;:&quot;https://bstudio-staging.azureedge.net/alpha-stg-assets/uploads/image/file/5ce3b012b0a5a94038945727/Canada.png&quot;,&quot;instant_spec_price&quot;:96.0,&quot;tax&quot;:0,&quot;custom_prototype_price&quot;:2999.0,&quot;post_upfront_price&quot;:0.0}},{&quot;id&quot;:&quot;4&quot;,&quot;type&quot;:&quot;currency&quot;,&quot;attributes&quot;:{&quot;id&quot;:4,&quot;name&quot;:&quot;Pounds&quot;,&quot;code&quot;:&quot;GBP&quot;,&quot;exchange_rate&quot;:0.75982,&quot;multiplier&quot;:1.0,&quot;symbol&quot;:&quot;£&quot;,&quot;country_code&quot;:&quot;GB&quot;,&quot;specing_price&quot;:190.0,&quot;icon_image_file_url&quot;:&quot;https://bstudio-staging.azureedge.net/alpha-stg-assets/uploads/image/file/59fd4e9588f3ac67bbadfda0/pounds-symbol__1_.png&quot;,&quot;instant_spec_price&quot;:190.0,&quot;tax&quot;:0,&quot;custom_prototype_price&quot;:1599.0,&quot;post_upfront_price&quot;:400.0}},{&quot;id&quot;:&quot;9&quot;,&quot;type&quot;:&quot;currency&quot;,&quot;attributes&quot;:{&quot;id&quot;:9,&quot;name&quot;:&quot;Saudi Riyal&quot;,&quot;code&quot;:&quot;SAR&quot;,&quot;exchange_rate&quot;:3.750623,&quot;multiplier&quot;:1.0,&quot;symbol&quot;:&quot;?.?&quot;,&quot;country_code&quot;:&quot;SA&quot;,&quot;specing_price&quot;:0.0,&quot;icon_image_file_url&quot;:&quot;https://bstudio-staging.azureedge.net/alpha-stg-assets/uploads/image/file/376/SAR__1_.png&quot;,&quot;instant_spec_price&quot;:0.0,&quot;tax&quot;:0,&quot;custom_prototype_price&quot;:2.0,&quot;post_upfront_price&quot;:0.0}},{&quot;id&quot;:&quot;10&quot;,&quot;type&quot;:&quot;currency&quot;,&quot;attributes&quot;:{&quot;id&quot;:10,&quot;name&quot;:&quot;Singapore Dollar&quot;,&quot;code&quot;:&quot;SGD&quot;,&quot;exchange_rate&quot;:1.357797,&quot;multiplier&quot;:1.0,&quot;symbol&quot;:&quot;S$&quot;,&quot;country_code&quot;:&quot;SG&quot;,&quot;specing_price&quot;:0.0,&quot;icon_image_file_url&quot;:&quot;https://bstudio-staging.azureedge.net/alpha-stg-assets/uploads/image/file/381/Singapore_Dollar.svg&quot;,&quot;instant_spec_price&quot;:0.0,&quot;tax&quot;:0,&quot;custom_prototype_price&quot;:199.0,&quot;post_upfront_price&quot;:0.0}},{&quot;id&quot;:&quot;1&quot;,&quot;type&quot;:&quot;currency&quot;,&quot;attributes&quot;:{&quot;id&quot;:1,&quot;name&quot;:&quot;Indian Rupee&quot;,&quot;code&quot;:&quot;INR&quot;,&quot;exchange_rate&quot;:73.44705,&quot;multiplier&quot;:0.3,&quot;symbol&quot;:&quot;?&quot;,&quot;country_code&quot;:&quot;IN&quot;,&quot;specing_price&quot;:4999.0,&quot;icon_image_file_url&quot;:&quot;https://bstudio-staging.azureedge.net/alpha-stg-assets/uploads/image/file/591a9aa714c49f7f467463f6/Rupee.svg&quot;,&quot;instant_spec_price&quot;:4999.0,&quot;tax&quot;:18,&quot;custom_prototype_price&quot;:21185.5932203389,&quot;post_upfront_price&quot;:40000.0}}]},&quot;platforms&quot;:{&quot;data&quot;:[{&quot;id&quot;:&quot;1&quot;,&quot;type&quot;:&quot;platform&quot;,&quot;attributes&quot;:{&quot;id&quot;:1,&quot;title&quot;:&quot;Android&quot;,&quot;price_multiplier&quot;:1.5,&quot;week_multiplier&quot;:1.1,&quot;description&quot;:&quot;Operating system used by various brands (e.g. Samsung, HTC, LG).&quot;,&quot;name&quot;:&quot;Android&quot;,&quot;icon&quot;:&quot;https://bstudio-staging.azureedge.net/alpha-stg-assets/uploads/image/file/591a9b0014c49f7f46746441/Android_blue.png&quot;,&quot;background&quot;:&quot;https://bstudio-staging.azureedge.net/alpha-stg-assets/uploads/image/file/59fd566788f3ac79a46ef20d/Android.png&quot;,&quot;device&quot;:&quot;Smartphone&quot;,&quot;device_icon&quot;:null},&quot;relationships&quot;:{}},{&quot;id&quot;:&quot;2&quot;,&quot;type&quot;:&quot;platform&quot;,&quot;attributes&quot;:{&quot;id&quot;:2,&quot;title&quot;:&quot;iOS&quot;,&quot;price_multiplier&quot;:1.5,&quot;week_multiplier&quot;:1.1,&quot;description&quot;:&quot;Operating system used by Apple products (e.g. iPhone, iPad)&quot;,&quot;name&quot;:&quot;iOS&quot;,&quot;icon&quot;:&quot;https://bstudio-staging.azureedge.net/alpha-stg-assets/uploads/image/file/59fd56b888f3ac79a46ef210/ios_blue.png&quot;,&quot;background&quot;:&quot;https://bstudio-staging.azureedge.net/alpha-stg-assets/uploads/image/file/591a9b0114c49f7f46746442/Ios.png&quot;,&quot;device&quot;:&quot;Smartphone&quot;,&quot;device_icon&quot;:null},&quot;relationships&quot;:{}},{&quot;id&quot;:&quot;3&quot;,&quot;type&quot;:&quot;platform&quot;,&quot;attributes&quot;:{&quot;id&quot;:3,&quot;title&quot;:&quot;Web&quot;,&quot;price_multiplier&quot;:1.5,&quot;week_multiplier&quot;:1.1,&quot;description&quot;:&quot;App that is developed using web standards and accessed through a web browser.&quot;,&quot;name&quot;:&quot;Web&quot;,&quot;icon&quot;:&quot;https://bstudio-staging.azureedge.net/alpha-stg-assets/uploads/image/file/59fd570d88f3ac79a46ef213/Web_xh.png&quot;,&quot;background&quot;:&quot;https://bstudio-staging.azureedge.net/alpha-stg-assets/uploads/image/file/591a9b0214c49f7f46746443/Web.png&quot;,&quot;device&quot;:&quot;Desktop&quot;,&quot;device_icon&quot;:null},&quot;relationships&quot;:{}},{&quot;id&quot;:&quot;5&quot;,&quot;type&quot;:&quot;platform&quot;,&quot;attributes&quot;:{&quot;id&quot;:5,&quot;title&quot;:&quot;macOS&quot;,&quot;price_multiplier&quot;:1.5,&quot;week_multiplier&quot;:1.1,&quot;description&quot;:&quot;Operating system used by Apple desktops and laptops.&quot;,&quot;name&quot;:&quot;macOS&quot;,&quot;icon&quot;:&quot;https://bstudio-staging.azureedge.net/alpha-stg-assets/uploads/image/file/59376fd714c49f5759f8cd9f/Mac_os_xh.png&quot;,&quot;background&quot;:&quot;https://bstudio-staging.azureedge.net/alpha-stg-assets/uploads/image/file/59fd585a88f3ac79a46ef21a/Macos.png&quot;,&quot;device&quot;:&quot;Desktop&quot;,&quot;device_icon&quot;:null},&quot;relationships&quot;:{}},{&quot;id&quot;:&quot;6&quot;,&quot;type&quot;:&quot;platform&quot;,&quot;attributes&quot;:{&quot;id&quot;:6,&quot;title&quot;:&quot;Windows&quot;,&quot;price_multiplier&quot;:1.5,&quot;week_multiplier&quot;:1.1,&quot;description&quot;:&quot;Operating system used by various desktop and laptop brands (e.g. Samsung, Acer, HP)&quot;,&quot;name&quot;:&quot;Windows&quot;,&quot;icon&quot;:&quot;https://bstudio-staging.azureedge.net/alpha-stg-assets/uploads/image/file/59fd58d688f3ac79a46ef21d/Windows_os_xh.png&quot;,&quot;background&quot;:&quot;https://bstudio-staging.azureedge.net/alpha-stg-assets/uploads/image/file/5937709e14c49f5759f8cda2/Windows_blue.png&quot;,&quot;device&quot;:&quot;Desktop&quot;,&quot;device_icon&quot;:null},&quot;relationships&quot;:{}},{&quot;id&quot;:&quot;7&quot;,&quot;type&quot;:&quot;platform&quot;,&quot;attributes&quot;:{&quot;id&quot;:7,&quot;title&quot;:&quot;watchOS&quot;,&quot;price_multiplier&quot;:1.5,&quot;week_multiplier&quot;:1.1,&quot;description&quot;:&quot;Operating system used by the Apple Watch.&quot;,&quot;name&quot;:&quot;watchOS&quot;,&quot;icon&quot;:&quot;https://bstudio-staging.azureedge.net/alpha-stg-assets/uploads/image/file/59fd592088f3ac79a46ef220/Watch_os_xh.png&quot;,&quot;background&quot;:&quot;https://bstudio-staging.azureedge.net/alpha-stg-assets/uploads/image/file/5938b0ca14c49f6a56325f79/Watch_blue.png&quot;,&quot;device&quot;:&quot;Watch&quot;,&quot;device_icon&quot;:null},&quot;relationships&quot;:{}},{&quot;id&quot;:&quot;9&quot;,&quot;type&quot;:&quot;platform&quot;,&quot;attributes&quot;:{&quot;id&quot;:9,&quot;title&quot;:&quot;Mobile Site&quot;,&quot;price_multiplier&quot;:1.5,&quot;week_multiplier&quot;:1.1,&quot;description&quot;:&quot;A dedicated web version for a mobile experience.&quot;,&quot;name&quot;:&quot;Mobile Site&quot;,&quot;icon&quot;:&quot;https://bstudio-staging.azureedge.net/alpha-stg-assets/uploads/image/file/59fd59ac88f3ac79a46ef226/mobile.png&quot;,&quot;background&quot;:&quot;https://bstudio-staging.azureedge.net/alpha-stg-assets/uploads/image/file/59fd59ac88f3ac79a46ef228/Mobile-site.png&quot;,&quot;device&quot;:&quot;Smartphone&quot;,&quot;device_icon&quot;:null},&quot;relationships&quot;:{}}]},&quot;prototype_platforms&quot;:{&quot;data&quot;:[{&quot;id&quot;:&quot;10&quot;,&quot;type&quot;:&quot;platform&quot;,&quot;attributes&quot;:{&quot;id&quot;:10,&quot;title&quot;:&quot;Mobile&quot;,&quot;price_multiplier&quot;:1.5,&quot;week_multiplier&quot;:1.1,&quot;description&quot;:&quot;&quot;,&quot;name&quot;:null,&quot;icon&quot;:&quot;https://bstudio-staging.azureedge.net/alpha-stg-assets/uploads/image/file/379/mobile.png&quot;,&quot;background&quot;:null,&quot;device&quot;:null,&quot;device_icon&quot;:null},&quot;relationships&quot;:{}},{&quot;id&quot;:&quot;11&quot;,&quot;type&quot;:&quot;platform&quot;,&quot;attributes&quot;:{&quot;id&quot;:11,&quot;title&quot;:&quot;Desktop&quot;,&quot;price_multiplier&quot;:1.5,&quot;week_multiplier&quot;:1.1,&quot;description&quot;:&quot;&quot;,&quot;name&quot;:null,&quot;icon&quot;:&quot;https://bstudio-staging.azureedge.net/alpha-stg-assets/uploads/image/file/378/desktop.png&quot;,&quot;background&quot;:null,&quot;device&quot;:null,&quot;device_icon&quot;:null},&quot;relationships&quot;:{}}]},&quot;speed&quot;:{&quot;data&quot;:[{&quot;id&quot;:&quot;2&quot;,&quot;type&quot;:&quot;speed&quot;,&quot;attributes&quot;:{&quot;id&quot;:2,&quot;title&quot;:&quot;Speedy&quot;,&quot;price_multiplier&quot;:2.0,&quot;week_multiplier&quot;:0.75,&quot;description&quot;:&quot;Dev team on beast mode, keeping the quality intact.&quot;,&quot;name&quot;:&quot;Speed 1&quot;,&quot;icon&quot;:&quot;https://bstudio-staging.azureedge.net/alpha-stg-assets/uploads/speed/icon/57e0aff95cba2a27d6af278f/speedyspeed-icon.png&quot;}},{&quot;id&quot;:&quot;5&quot;,&quot;type&quot;:&quot;speed&quot;,&quot;attributes&quot;:{&quot;id&quot;:5,&quot;title&quot;:&quot;Fast&quot;,&quot;price_multiplier&quot;:1.5,&quot;week_multiplier&quot;:0.87,&quot;description&quot;:&quot;&quot;,&quot;name&quot;:&quot;Speed 2&quot;,&quot;icon&quot;:&quot;https://bstudio-staging.azureedge.net/alpha-stg-assets/uploads/speed/icon/59d619e4f6fa5354ff7d7181/fastspeed-icon.png&quot;}},{&quot;id&quot;:&quot;1&quot;,&quot;type&quot;:&quot;speed&quot;,&quot;attributes&quot;:{&quot;id&quot;:1,&quot;title&quot;:&quot;Standard&quot;,&quot;price_multiplier&quot;:1.0,&quot;week_multiplier&quot;:1.0,&quot;description&quot;:&quot;Efficient delivery with utmost quality.&quot;,&quot;name&quot;:&quot;Speed 3&quot;,&quot;icon&quot;:&quot;https://bstudio-staging.azureedge.net/alpha-stg-assets/uploads/speed/icon/57e0aff95cba2a27d6af2790/standardspeed-icon.png&quot;}},{&quot;id&quot;:&quot;3&quot;,&quot;type&quot;:&quot;speed&quot;,&quot;attributes&quot;:{&quot;id&quot;:3,&quot;title&quot;:&quot;Slow&quot;,&quot;price_multiplier&quot;:0.87,&quot;week_multiplier&quot;:1.12,&quot;description&quot;:&quot;Relaxed timeline, with focus on the best feature set \u0026 flows for the product.&quot;,&quot;name&quot;:&quot;Speed 4&quot;,&quot;icon&quot;:&quot;https://bstudio-staging.azureedge.net/alpha-stg-assets/uploads/speed/icon/57e0aff95cba2a27d6af2791/slowspeed-icon.png&quot;}},{&quot;id&quot;:&quot;4&quot;,&quot;type&quot;:&quot;speed&quot;,&quot;attributes&quot;:{&quot;id&quot;:4,&quot;title&quot;:&quot;Relaxed&quot;,&quot;price_multiplier&quot;:0.75,&quot;week_multiplier&quot;:1.25,&quot;description&quot;:&quot;&quot;,&quot;name&quot;:&quot;Speed 5&quot;,&quot;icon&quot;:&quot;https://bstudio-staging.azureedge.net/alpha-stg-assets/uploads/speed/icon/59d619e7f6fa5354ff7d7188/relaxedspeed-icon.png&quot;}}]},&quot;build_phases&quot;:{&quot;data&quot;:[{&quot;id&quot;:&quot;1&quot;,&quot;type&quot;:&quot;build_phase&quot;,&quot;attributes&quot;:{&quot;id&quot;:1,&quot;title&quot;:&quot;Product Roadmap&quot;,&quot;description&quot;:&quot;We help lay out the foundation of what you&apos;re building. A product roadmap is simply a guiding strategy document that makes execution hassle-free.&quot;,&quot;price_multiplier&quot;:0.1,&quot;week_multiplier&quot;:0.1,&quot;index&quot;:4,&quot;position&quot;:1,&quot;icon&quot;:&quot;https://bstudio-staging.azureedge.net/alpha-stg-assets/uploads/build_phase/icon/58cbad7d14c49f1f2a318071/Roadmap_blue.png&quot;,&quot;background&quot;:null}},{&quot;id&quot;:&quot;2&quot;,&quot;type&quot;:&quot;build_phase&quot;,&quot;attributes&quot;:{&quot;id&quot;:2,&quot;title&quot;:&quot;Design&quot;,&quot;description&quot;:&quot;We combine visual principles, data, colour psychology, and decades&apos; worth of experience to create aesthetic interfaces that bring results.&quot;,&quot;price_multiplier&quot;:0.2,&quot;week_multiplier&quot;:0.2,&quot;index&quot;:1,&quot;position&quot;:2,&quot;icon&quot;:&quot;https://bstudio-staging.azureedge.net/alpha-stg-assets/uploads/build_phase/icon/587f162314c49f39f0d5b61d/Design_blue.png&quot;,&quot;background&quot;:&quot;https://bstudio-staging.azureedge.net/alpha-stg-assets/uploads/build_phase/background/587f162314c49f39f0d5b61d/https://s3.ap-south-1.amazonaws.com/assets.engineering.ai/background_mobile_app.png&quot;}},{&quot;id&quot;:&quot;3&quot;,&quot;type&quot;:&quot;build_phase&quot;,&quot;attributes&quot;:{&quot;id&quot;:3,&quot;title&quot;:&quot;Tailor-made Prototype&quot;,&quot;description&quot;:&quot;We design interactive prototypes for iPhone, iPad, Android, and Web. Creation of prototypes is more specific, measurable, quick, and intensive than just describing the design.&quot;,&quot;price_multiplier&quot;:0.1,&quot;week_multiplier&quot;:0.1,&quot;index&quot;:2,&quot;position&quot;:3,&quot;icon&quot;:&quot;https://bstudio-staging.azureedge.net/alpha-stg-assets/uploads/build_phase/icon/587f162314c49f39f0d5b61e/Prototype_blue.png&quot;,&quot;background&quot;:&quot;https://bstudio-staging.azureedge.net/alpha-stg-assets/uploads/build_phase/background/587f162314c49f39f0d5b61e/https://s3.ap-south-1.amazonaws.com/assets.engineering.ai/background_blog.png&quot;}},{&quot;id&quot;:&quot;4&quot;,&quot;type&quot;:&quot;build_phase&quot;,&quot;attributes&quot;:{&quot;id&quot;:4,&quot;title&quot;:&quot;MVP&quot;,&quot;description&quot;:&quot;We help design a Minimum Viable Product that has the basic features necessary to satisfy early customers and provide feedback for future development.&quot;,&quot;price_multiplier&quot;:0.6,&quot;week_multiplier&quot;:0.6,&quot;index&quot;:0,&quot;position&quot;:4,&quot;icon&quot;:&quot;https://bstudio-staging.azureedge.net/alpha-stg-assets/uploads/build_phase/icon/5963a29c14c49f1407590ad5/MVP_blue.png&quot;,&quot;background&quot;:null}},{&quot;id&quot;:&quot;5&quot;,&quot;type&quot;:&quot;build_phase&quot;,&quot;attributes&quot;:{&quot;id&quot;:5,&quot;title&quot;:&quot;Full Build&quot;,&quot;description&quot;:&quot;We build a fully fledged product based on the features laid out in the specification document and the feedback received on the MVP.&quot;,&quot;price_multiplier&quot;:0.6,&quot;week_multiplier&quot;:0.6,&quot;index&quot;:3,&quot;position&quot;:5,&quot;icon&quot;:&quot;https://bstudio-staging.azureedge.net/alpha-stg-assets/uploads/build_phase/icon/587f162314c49f39f0d5b620/Full_blue.png&quot;,&quot;background&quot;:null}}]},&quot;country_code&quot;:&quot;ID&quot;,&quot;valid_user&quot;:true,&quot;pricing_logic&quot;:&quot;new&quot;,&quot;build_products&quot;:{&quot;data&quot;:[{&quot;id&quot;:&quot;2&quot;,&quot;type&quot;:&quot;product&quot;,&quot;attributes&quot;:{&quot;id&quot;:2,&quot;title&quot;:&quot;Mobile Apps&quot;,&quot;description&quot;:&quot;Ease your app-building experience by choosing from our list of common mobile features. &quot;,&quot;type&quot;:&quot;MobileWebApp&quot;,&quot;background_color&quot;:&quot;&quot;,&quot;position&quot;:1,&quot;icon_url&quot;:&quot;https://bstudio-staging.azureedge.net/alpha-stg-assets/uploads/mobile_web_app/icon/5901dd3a14c49f455d14bc0b/mobile.png&quot;},&quot;relationships&quot;:{}},{&quot;id&quot;:&quot;1&quot;,&quot;type&quot;:&quot;product&quot;,&quot;attributes&quot;:{&quot;id&quot;:1,&quot;title&quot;:&quot;Web&quot;,&quot;description&quot;:&quot;Choose from a list of pre-existing website models to create your own magic.&quot;,&quot;type&quot;:&quot;MobileWebApp&quot;,&quot;background_color&quot;:&quot;#61D035&quot;,&quot;position&quot;:2,&quot;icon_url&quot;:&quot;https://bstudio-staging.azureedge.net/alpha-stg-assets/uploads/mobile_web_app/icon/5901dd3a14c49f455d14bc0c/web.png&quot;},&quot;relationships&quot;:{}},{&quot;id&quot;:&quot;6&quot;,&quot;type&quot;:&quot;product&quot;,&quot;attributes&quot;:{&quot;id&quot;:6,&quot;title&quot;:&quot;Marketplace&quot;,&quot;description&quot;:&quot;Help buyers and sellers transact in real time.&quot;,&quot;type&quot;:&quot;MobileWebApp&quot;,&quot;background_color&quot;:&quot;#8B4CF7&quot;,&quot;position&quot;:3,&quot;icon_url&quot;:&quot;https://bstudio-staging.azureedge.net/alpha-stg-assets/uploads/mobile_web_app/icon/59376c3514c49f5759f8cd9a/marketplace.png&quot;},&quot;relationships&quot;:{}},{&quot;id&quot;:&quot;7&quot;,&quot;type&quot;:&quot;product&quot;,&quot;attributes&quot;:{&quot;id&quot;:7,&quot;title&quot;:&quot;Ecommerce&quot;,&quot;description&quot;:&quot;Launch your own e-commerce platform from our wealth of pre-built features.&quot;,&quot;type&quot;:&quot;MobileWebApp&quot;,&quot;background_color&quot;:&quot;#F5AC42&quot;,&quot;position&quot;:4,&quot;icon_url&quot;:&quot;https://bstudio-staging.azureedge.net/alpha-stg-assets/uploads/mobile_web_app/icon/59d63e68f6fa5349bbab560e/ecommerce.png&quot;},&quot;relationships&quot;:{}},{&quot;id&quot;:&quot;5&quot;,&quot;type&quot;:&quot;product&quot;,&quot;attributes&quot;:{&quot;id&quot;:5,&quot;title&quot;:&quot;Wearables&quot;,&quot;description&quot;:&quot;Select from a list of watch-specific features to tap into the self-connected world.&quot;,&quot;type&quot;:&quot;MobileWebApp&quot;,&quot;background_color&quot;:&quot;#4DB9C6&quot;,&quot;position&quot;:5,&quot;icon_url&quot;:&quot;https://bstudio-staging.azureedge.net/alpha-stg-assets/uploads/mobile_web_app/icon/5901dd3a14c49f455d14bc0d/wearables.png&quot;},&quot;relationships&quot;:{}},{&quot;id&quot;:&quot;3&quot;,&quot;type&quot;:&quot;product&quot;,&quot;attributes&quot;:{&quot;id&quot;:3,&quot;title&quot;:&quot;Something else&quot;,&quot;description&quot;:&quot;Looking to build something we didn’t lay out here? Just tell us and we’ll take care of the rest.&quot;,&quot;type&quot;:&quot;CustomApp&quot;,&quot;background_color&quot;:null,&quot;position&quot;:999,&quot;icon_url&quot;:&quot;https://bstudio-staging.azureedge.net/alpha-stg-assets/uploads/custom_app/icon/5915864714c49f3bda426a10/somethingelse.png&quot;},&quot;relationships&quot;:{}}]},&quot;builder_partner&quot;:{&quot;data&quot;:{&quot;id&quot;:&quot;1&quot;,&quot;type&quot;:&quot;builder_partner&quot;,&quot;attributes&quot;:{&quot;id&quot;:1,&quot;email&quot;:&quot;pmadmin@engineer.ai&quot;,&quot;first_name&quot;:&quot;Engineer AI&quot;,&quot;last_name&quot;:&quot;&quot;,&quot;phone&quot;:&quot;&quot;,&quot;partner_name&quot;:&quot;EngineerAI&quot;,&quot;company_name&quot;:&quot;EngineerAI&quot;,&quot;company_size&quot;:&quot;&quot;,&quot;spoc_name&quot;:&quot;&quot;,&quot;spoc_role&quot;:&quot;&quot;,&quot;industry_type&quot;:&quot;&quot;,&quot;website_link&quot;:&quot;&quot;,&quot;is_verified&quot;:false,&quot;is_approved&quot;:true,&quot;logo_url&quot;:null,&quot;code&quot;:&quot;e-ai&quot;,&quot;partner_multiplier&quot;:1.0,&quot;partner_type&quot;:&quot;sell_through&quot;,&quot;tnc_url&quot;:null,&quot;privacy_policy_url&quot;:null,&quot;nda_signed&quot;:true,&quot;signature_request_guid&quot;:&quot;&quot;,&quot;signature_request_status&quot;:true,&quot;status&quot;:&quot;uniq_code_sent&quot;,&quot;variance_percentage&quot;:0.0,&quot;is_customer_allowed&quot;:true,&quot;small_logo_url&quot;:null,&quot;card_added&quot;:false,&quot;show_waitlist&quot;:false,&quot;builder_live_url&quot;:&quot;https://staging-home.engineer.ai&quot;,&quot;frontend_url&quot;:&quot;https://staging.engineer.ai&quot;,&quot;builder_now_url&quot;:&quot;https://staging-now.engineer.ai&quot;,&quot;currencies&quot;:{&quot;data&quot;:[]}}}},&quot;multiplier_experiment&quot;:{&quot;data&quot;:{&quot;id&quot;:&quot;20&quot;,&quot;type&quot;:&quot;multiplier_experiment&quot;,&quot;attributes&quot;:{&quot;price_multiplier&quot;:&quot;0.7&quot;,&quot;duration_multiplier&quot;:&quot;0.75&quot;,&quot;code&quot;:&quot;prodmulti&quot;,&quot;id&quot;:&quot;20&quot;}}}}
</system-out>
  </testcase>
  <testcase classname="june2021.qaautomation.APITest" name="testDashboardAPI" time="3.217"/>
  <testcase classname="june2021.qaautomation.APITest" name="testInvalidCredentials" time="1.619"/>
  <testcase classname="june2021.qaautomation.AppTest" name="test1" time="15.212"/>
  <testcase classname="june2021.qaautomation.AppTest" name="test2" time="75.203">
    <failure message="Expected condition failed: waiting for visibility of element located by By.xpath: //div[normalize-space()=&apos;fullstackdemo&apos;] (tried for 60 second(s) with 500 milliseconds interval)
Build info: version: &apos;4.0.0-beta-3&apos;, revision: &apos;5d108f9a67&apos;
System info: host: &apos;DESKTOP-S41506V&apos;, ip: &apos;192.168.100.13&apos;, os.name: &apos;Windows 10&apos;, os.arch: &apos;amd64&apos;, os.version: &apos;10.0&apos;, java.version: &apos;1.8.0_251&apos;
Driver info: org.openqa.selenium.chrome.ChromeDriver
Capabilities {acceptInsecureCerts: false, browserName: chrome, browserVersion: 91.0.4472.124, chrome: {chromedriverVersion: 91.0.4472.101 (af52a90bf870..., userDataDir: C:\Users\dian1\AppData\Loca...}, goog:chromeOptions: {debuggerAddress: localhost:61995}, javascriptEnabled: true, networkConnectionEnabled: false, pageLoadStrategy: normal, platform: WINDOWS, platformName: WINDOWS, proxy: Proxy(), se:cdp: ws://localhost:61995/devtoo..., se:cdpVersion: 91.0.4472.124, setWindowRect: true, strictFileInteractability: false, timeouts: {implicit: 0, pageLoad: 300000, script: 30000}, unhandledPromptBehavior: dismiss and notify, webauthn:extension:largeBlob: true, webauthn:virtualAuthenticators: true}
Session ID: 891a7e3fffee55b9589a7a3be52a17a3" type="org.openqa.selenium.TimeoutException">org.openqa.selenium.TimeoutException: Expected condition failed: waiting for visibility of element located by By.xpath: //div[normalize-space()=&apos;fullstackdemo&apos;] (tried for 60 second(s) with 500 milliseconds interval)
Build info: version: &apos;4.0.0-beta-3&apos;, revision: &apos;5d108f9a67&apos;
System info: host: &apos;DESKTOP-S41506V&apos;, ip: &apos;192.168.100.13&apos;, os.name: &apos;Windows 10&apos;, os.arch: &apos;amd64&apos;, os.version: &apos;10.0&apos;, java.version: &apos;1.8.0_251&apos;
Driver info: org.openqa.selenium.chrome.ChromeDriver
Capabilities {acceptInsecureCerts: false, browserName: chrome, browserVersion: 91.0.4472.124, chrome: {chromedriverVersion: 91.0.4472.101 (af52a90bf870..., userDataDir: C:\Users\dian1\AppData\Loca...}, goog:chromeOptions: {debuggerAddress: localhost:61995}, javascriptEnabled: true, networkConnectionEnabled: false, pageLoadStrategy: normal, platform: WINDOWS, platformName: WINDOWS, proxy: Proxy(), se:cdp: ws://localhost:61995/devtoo..., se:cdpVersion: 91.0.4472.124, setWindowRect: true, strictFileInteractability: false, timeouts: {implicit: 0, pageLoad: 300000, script: 30000}, unhandledPromptBehavior: dismiss and notify, webauthn:extension:largeBlob: true, webauthn:virtualAuthenticators: true}
Session ID: 891a7e3fffee55b9589a7a3be52a17a3
	at org.openqa.selenium.support.ui.WebDriverWait.timeoutException(WebDriverWait.java:138)
	at org.openqa.selenium.support.ui.FluentWait.until(FluentWait.java:231)
	at june2021.qaautomation.pages.BasePage.getText(BasePage.java:28)
	at june2021.qaautomation.pages.ProfilePage.getProfileText(ProfilePage.java:22)
	at june2021.qaautomation.AppTest.test2(AppTest.java:40)
</failure>
    <system-err>Starting ChromeDriver 91.0.4472.101 (af52a90bf87030dd1523486a1cd3ae25c5d76c9b-refs/branch-heads/4472@{#1462}) on port 24555
Only local connections are allowed.
Please see https://chromedriver.chromium.org/security-considerations for suggestions on keeping ChromeDriver safe.
ChromeDriver was started successfully.
Jul 21, 2021 4:32:38 PM org.openqa.selenium.remote.ProtocolHandshake createSession
INFO: Detected dialect: W3C
Jul 21, 2021 4:32:38 PM org.openqa.selenium.devtools.CdpVersionFinder findNearestMatch
INFO: Found exact CDP implementation for version 91
</system-err>
  </testcase>
  <testcase classname="june2021.qaautomation.AppTest" name="testAlert" time="20.715"/>
  <testcase classname="june2021.qaautomation.AppTest" name="testBrowserNavigation" time="8.066"/>
  <testcase classname="june2021.qaautomation.AppTest" name="testSwitching" time="6.522"/>
</testsuite>